Publics by module

D3lib4mesa10глФасFkZv    size = 115
    _D3lib4mesa10глФасFkZv        

D3lib4mesa12глОртоFdddddsize = 136
    _D3lib4mesa12глОртоFddddddZv

D3lib4mesa12глСветFkkPfZsize = 130
    _D3lib4mesa12глСветFkkPfZv

D3lib4mesa12глСветFkkPiZsize = 130
    _D3lib4mesa12глСветFkkPiZv

D3lib4mesa12глСветFkkfZvsize = 127
    _D3lib4mesa12глСветFkkfZv

D3lib4mesa12глСветFkkiZvsize = 127
    _D3lib4mesa12глСветFkkiZv

D3lib4mesa12глСлейFZv   size = 118
    _D3lib4mesa12глСлейFZv       

D3lib4mesa12глСтопFZv   size = 118
    _D3lib4mesa12глСтопFZv       

D3lib4mesa12глЦветFfffZvsize = 127
    _D3lib4mesa12глЦветFfffZv

D3lib4mesa12глЦветFffffZsize = 130
    _D3lib4mesa12глЦветFffffZv

D3lib4mesa12глЦветFgggZvsize = 127
    _D3lib4mesa12глЦветFgggZv

D3lib4mesa12глЦветFggggZsize = 130
    _D3lib4mesa12глЦветFggggZv

D3lib4mesa12глЦветFhhhZvsize = 127
    _D3lib4mesa12глЦветFhhhZv

D3lib4mesa12глЦветFhhhhZsize = 130
    _D3lib4mesa12глЦветFhhhhZv

D3lib4mesa12глЦветFiiiZvsize = 127
    _D3lib4mesa12глЦветFiiiZv

D3lib4mesa12глЦветFiiiiZsize = 130
    _D3lib4mesa12глЦветFiiiiZv

D3lib4mesa12глЦветFkkkZvsize = 127
    _D3lib4mesa12глЦветFkkkZv

D3lib4mesa12глЦветFkkkkZsize = 130
    _D3lib4mesa12глЦветFkkkkZv

D3lib4mesa12глЦветFsssZvsize = 127
    _D3lib4mesa12глЦветFsssZv

D3lib4mesa12глЦветFssssZsize = 130
    _D3lib4mesa12глЦветFssssZv

D3lib4mesa12глЦветFtttZvsize = 127
    _D3lib4mesa12глЦветFtttZv

D3lib4mesa12глЦветFttttZsize = 130
    _D3lib4mesa12глЦветFttttZv

D3lib4mesa12глуШарFPS3lisize = 196
    _D3lib4mesa12глуШарFPS3lib4mesa10GLUquadricdiiZv

D3lib4mesa13глЦвет3FPdZvsize = 127
    _D3lib4mesa13глЦвет3FPdZv

D3lib4mesa13глЦвет3FPfZvsize = 127
    _D3lib4mesa13глЦвет3FPfZv

D3lib4mesa13глЦвет3FPgZvsize = 127
    _D3lib4mesa13глЦвет3FPgZv

D3lib4mesa13глЦвет3FPhZvsize = 127
    _D3lib4mesa13глЦвет3FPhZv

D3lib4mesa13глЦвет3FPiZvsize = 127
    _D3lib4mesa13глЦвет3FPiZv

D3lib4mesa13глЦвет3FPkZvsize = 127
    _D3lib4mesa13глЦвет3FPkZv

D3lib4mesa13глЦвет3FPsZvsize = 127
    _D3lib4mesa13глЦвет3FPsZv

D3lib4mesa13глЦвет3FPtZvsize = 127
    _D3lib4mesa13глЦвет3FPtZv

D3lib4mesa13глЦвет4FPdZvsize = 127
    _D3lib4mesa13глЦвет4FPdZv

D3lib4mesa13глЦвет4FPfZvsize = 127
    _D3lib4mesa13глЦвет4FPfZv

D3lib4mesa13глЦвет4FPgZvsize = 127
    _D3lib4mesa13глЦвет4FPgZv

D3lib4mesa13глЦвет4FPhZvsize = 127
    _D3lib4mesa13глЦвет4FPhZv

D3lib4mesa13глЦвет4FPiZvsize = 127
    _D3lib4mesa13глЦвет4FPiZv

D3lib4mesa13глЦвет4FPkZvsize = 127
    _D3lib4mesa13глЦвет4FPkZv

D3lib4mesa13глЦвет4FPsZvsize = 127
    _D3lib4mesa13глЦвет4FPsZv

D3lib4mesa13глЦвет4FPtZvsize = 127
    _D3lib4mesa13глЦвет4FPtZv

D3lib4mesa14глАккумFkfZsize = 130
    _D3lib4mesa14глАккумFkfZv

D3lib4mesa14глДайУкFkPPsize = 136
    _D3lib4mesa14глДайУкFkPPvZv

D3lib4mesa14глНачниFkZvsize = 127
    _D3lib4mesa14глНачниFkZv

D3lib4mesa14глТуманFkPfsize = 133
    _D3lib4mesa14глТуманFkPfZv

D3lib4mesa14глТуманFkPisize = 133
    _D3lib4mesa14глТуманFkPiZv

D3lib4mesa14глТуманFkfZsize = 130
    _D3lib4mesa14глТуманFkfZv

D3lib4mesa14глТуманFkiZsize = 130
    _D3lib4mesa14глТуманFkiZv

D3lib4mesa14глФинишFZv size = 124
    _D3lib4mesa14глФинишFZv     

D3lib4mesa14глЦветдFdddsize = 133
    _D3lib4mesa14глЦветдFdddZv

D3lib4mesa14глЦветдFdddsize = 136
    _D3lib4mesa14глЦветдFddddZv

D3lib4mesa14глуДискFPS3size = 205
    _D3lib4mesa14глуДискFPS3lib4mesa10GLUquadricddiiZv

D3lib4mesa14глутДайFkZisize = 127
    _D3lib4mesa14глутДайFkZi

D3lib4mesa15глКарта1Fkdsize = 148
    _D3lib4mesa15глКарта1FkddiiPdZv

D3lib4mesa15глКарта1Fkfsize = 148
    _D3lib4mesa15глКарта1FkffiiPfZv

D3lib4mesa15глКарта2Fkdsize = 160
    _D3lib4mesa15глКарта2FkddiiddiiPdZv

D3lib4mesa15глКарта2Fkfsize = 160
    _D3lib4mesa15глКарта2FkffiiffiiPfZv

D3lib4mesa16глБитмапFisize = 154
    _D3lib4mesa16глБитмапFiiffffPhZv

D3lib4mesa16глБуфРисFksize = 133
    _D3lib4mesa16глБуфРисFkZv

D3lib4mesa16глВключиFksize = 133
    _D3lib4mesa16глВключиFkZv

D3lib4mesa16глВращайFfsize = 142
    _D3lib4mesa16глВращайFffffZv

D3lib4mesa16глДайБулFksize = 139
    _D3lib4mesa16глДайБулFkPhZv

D3lib4mesa16глДайДвоFksize = 139
    _D3lib4mesa16глДайДвоFkPdZv

D3lib4mesa16глДайЦелFksize = 139
    _D3lib4mesa16глДайЦелFkPiZv

D3lib4mesa16глИндексFPsize = 136
    _D3lib4mesa16глИндексFPdZv

D3lib4mesa16глИндексFPsize = 136
    _D3lib4mesa16глИндексFPfZv

D3lib4mesa16глИндексFPsize = 136
    _D3lib4mesa16глИндексFPhZv

D3lib4mesa16глИндексFPsize = 136
    _D3lib4mesa16глИндексFPiZv

D3lib4mesa16глИндексFPsize = 136
    _D3lib4mesa16глИндексFPsZv

D3lib4mesa16глИндексFfsize = 133
    _D3lib4mesa16глИндексFfZv

D3lib4mesa16глИндексFhsize = 133
    _D3lib4mesa16глИндексFhZv

D3lib4mesa16глИндексFisize = 133
    _D3lib4mesa16глИндексFiZv

D3lib4mesa16глИндексFssize = 133
    _D3lib4mesa16глИндексFsZv

D3lib4mesa16глОчистиFksize = 133
    _D3lib4mesa16глОчистиFkZv

D3lib4mesa16глуВидНаFdsize = 157
    _D3lib4mesa16глуВидНаFdddddddddZv

D3lib4mesa16глутИницFPsize = 145
    _D3lib4mesa16глутИницFPiPPaZv

D3lib4mesa17глуОрто2МFsize = 145
    _D3lib4mesa17глуОрто2МFddddZv

D3lib4mesa18глВершинаsize = 142
    _D3lib4mesa18глВершинаFffZv

D3lib4mesa18глВершинаsize = 145
    _D3lib4mesa18глВершинаFfffZv

D3lib4mesa18глВершинаsize = 148
    _D3lib4mesa18глВершинаFffffZv

D3lib4mesa18глВершинаsize = 142
    _D3lib4mesa18глВершинаFiiZv

D3lib4mesa18глВершинаsize = 145
    _D3lib4mesa18глВершинаFiiiZv

D3lib4mesa18глВершинаsize = 148
    _D3lib4mesa18глВершинаFiiiiZv

D3lib4mesa18глВершинаsize = 142
    _D3lib4mesa18глВершинаFssZv

D3lib4mesa18глВершинаsize = 145
    _D3lib4mesa18глВершинаFsssZv

D3lib4mesa18глВершинаsize = 148
    _D3lib4mesa18глВершинаFssssZv

D3lib4mesa18глВращайдsize = 148
    _D3lib4mesa18глВращайдFddddZv

D3lib4mesa18глВыньИмяsize = 136
    _D3lib4mesa18глВыньИмяFZv

D3lib4mesa18глВьюпортsize = 148
    _D3lib4mesa18глВьюпортFiiiiZv

D3lib4mesa18глГенТексsize = 148
    _D3lib4mesa18глГенТексFkkPdZv

D3lib4mesa18глГенТексsize = 148
    _D3lib4mesa18глГенТексFkkPfZv

D3lib4mesa18глГенТексsize = 148
    _D3lib4mesa18глГенТексFkkPiZv

D3lib4mesa18глГенТексsize = 145
    _D3lib4mesa18глГенТексFkkdZv

D3lib4mesa18глГенТексsize = 145
    _D3lib4mesa18глГенТексFkkfZv

D3lib4mesa18глГенТексsize = 145
    _D3lib4mesa18глГенТексFkkiZv

D3lib4mesa18глДайПлавsize = 145
    _D3lib4mesa18глДайПлавFkPfZv

D3lib4mesa18глДайСветsize = 148
    _D3lib4mesa18глДайСветFkkPfZv

D3lib4mesa18глДайСветsize = 148
    _D3lib4mesa18глДайСветFkkPiZv

D3lib4mesa18глИндексдsize = 139
    _D3lib4mesa18глИндексдFdZv

D3lib4mesa18глНожницыsize = 148
    _D3lib4mesa18глНожницыFiiiiZv

D3lib4mesa18глНормальsize = 142
    _D3lib4mesa18глНормальFPdZv

D3lib4mesa18глНормальsize = 142
    _D3lib4mesa18глНормальFPfZv

D3lib4mesa18глНормальsize = 142
    _D3lib4mesa18глНормальFPgZv

D3lib4mesa18глНормальsize = 142
    _D3lib4mesa18глНормальFPiZv

D3lib4mesa18глНормальsize = 142
    _D3lib4mesa18глНормальFPsZv

D3lib4mesa18глНормальsize = 145
    _D3lib4mesa18глНормальFfffZv

D3lib4mesa18глНормальsize = 145
    _D3lib4mesa18глНормальFgggZv

D3lib4mesa18глНормальsize = 145
    _D3lib4mesa18глНормальFiiiZv

D3lib4mesa18глНормальsize = 145
    _D3lib4mesa18глНормальFsssZv

D3lib4mesa18глОтключиsize = 139
    _D3lib4mesa18глОтключиFkZv

D3lib4mesa18глПропускsize = 139
    _D3lib4mesa18глПропускFfZv

D3lib4mesa18глПрофильsize = 139
    _D3lib4mesa18глПрофильFkZv

D3lib4mesa18глПрямоугsize = 148
    _D3lib4mesa18глПрямоугFPdPdZv

D3lib4mesa18глПрямоугsize = 148
    _D3lib4mesa18глПрямоугFPfPfZv

D3lib4mesa18глПрямоугsize = 148
    _D3lib4mesa18глПрямоугFPiPiZv

D3lib4mesa18глПрямоугsize = 148
    _D3lib4mesa18глПрямоугFPsPsZv

D3lib4mesa18глПрямоугsize = 148
    _D3lib4mesa18глПрямоугFffffZv

D3lib4mesa18глПрямоугsize = 148
    _D3lib4mesa18глПрямоугFiiiiZv

D3lib4mesa18глПрямоугsize = 148
    _D3lib4mesa18глПрямоугFssssZv

D3lib4mesa18глСуньИмяsize = 139
    _D3lib4mesa18глСуньИмяFkZv

D3lib4mesa18глуТкстОшsize = 142
    _D3lib4mesa18глуТкстОшFkZPa

D3lib4mesa19глВершинаsize = 145
    _D3lib4mesa19глВершина2FPdZv

D3lib4mesa19глВершинаsize = 145
    _D3lib4mesa19глВершина2FPfZv

D3lib4mesa19глВершинаsize = 145
    _D3lib4mesa19глВершина2FPiZv

D3lib4mesa19глВершинаsize = 145
    _D3lib4mesa19глВершина2FPsZv

D3lib4mesa19глВершинаsize = 145
    _D3lib4mesa19глВершина3FPdZv

D3lib4mesa19глВершинаsize = 145
    _D3lib4mesa19глВершина3FPfZv

D3lib4mesa19глВершинаsize = 145
    _D3lib4mesa19глВершина3FPiZv

D3lib4mesa19глВершинаsize = 145
    _D3lib4mesa19глВершина3FPsZv

D3lib4mesa19глВершинаsize = 145
    _D3lib4mesa19глВершина4FPdZv

D3lib4mesa19глВершинаsize = 145
    _D3lib4mesa19глВершина4FPfZv

D3lib4mesa19глВершинаsize = 145
    _D3lib4mesa19глВершина4FPiZv

D3lib4mesa19глВершинаsize = 145
    _D3lib4mesa19глВершина4FPsZv

D3lib4mesa20глВершинаsize = 148
    _D3lib4mesa20глВершинадFddZv

D3lib4mesa20глВершинаsize = 151
    _D3lib4mesa20глВершинадFdddZv

D3lib4mesa20глВершинаsize = 154
    _D3lib4mesa20глВершинадFddddZv

D3lib4mesa20глВыньМатsize = 142
    _D3lib4mesa20глВыньМатрFZv

D3lib4mesa20глДайКартsize = 154
    _D3lib4mesa20глДайКартуFkkPdZv

D3lib4mesa20глДайКартsize = 154
    _D3lib4mesa20глДайКартуFkkPfZv

D3lib4mesa20глДайКартsize = 154
    _D3lib4mesa20глДайКартуFkkPiZv

D3lib4mesa20глДайТексsize = 148
    _D3lib4mesa20глДайТекстFkZPa

D3lib4mesa20глМатериаsize = 154
    _D3lib4mesa20глМатериалFkkPfZv

D3lib4mesa20глМатериаsize = 154
    _D3lib4mesa20глМатериалFkkPiZv

D3lib4mesa20глМатериаsize = 151
    _D3lib4mesa20глМатериалFkkfZv

D3lib4mesa20глМатериаsize = 151
    _D3lib4mesa20глМатериалFkkiZv

D3lib4mesa20глНормальsize = 151
    _D3lib4mesa20глНормальдFdddZv

D3lib4mesa20глПеренесsize = 151
    _D3lib4mesa20глПеренесиFfffZv

D3lib4mesa20глПрямоугsize = 154
    _D3lib4mesa20глПрямоугдFddddZv

D3lib4mesa20глСуньМатsize = 142
    _D3lib4mesa20глСуньМатрFZv

D3lib4mesa20глУкНаЦвеsize = 157
    _D3lib4mesa20глУкНаЦветFikiPvZv

D3lib4mesa20глФлагКраsize = 148
    _D3lib4mesa20глФлагКраяFPhZv

D3lib4mesa20глФлагКраsize = 145
    _D3lib4mesa20глФлагКраяFhZv

D3lib4mesa20глФруструsize = 160
    _D3lib4mesa20глФруструмFddddddZv

D3lib4mesa20глуДайТксsize = 148
    _D3lib4mesa20глуДайТкстFkZPa

D3lib4mesa20глуКонКриsize = 202
    _D3lib4mesa20глуКонКривFPS3lib4mesa8GLUnurbsZv

D3lib4mesa20глуЦилиндsize = 226
    _D3lib4mesa20глуЦилиндрFPS3lib4mesa10GLUquadricdddiiZv

D3lib4mesa21глОцениМеsize = 154
    _D3lib4mesa21глОцениМеш1FkiiZv

D3lib4mesa21глОцениМеsize = 160
    _D3lib4mesa21глОцениМеш2FkiiiiZv

D3lib4mesa21глСписок_size = 148
    _D3lib4mesa21глСписок_лиFkZh

D3lib4mesa22глБуфЧтенsize = 151
    _D3lib4mesa22глБуфЧтенияFkZv

D3lib4mesa22глВыньАтрsize = 148
    _D3lib4mesa22глВыньАтрибFZv

D3lib4mesa22глГенСписsize = 151
    _D3lib4mesa22глГенСпискиFiZk

D3lib4mesa22глДайОшибsize = 148
    _D3lib4mesa22глДайОшибкуFZk

D3lib4mesa22глИницИмеsize = 148
    _D3lib4mesa22глИницИменаFZv

D3lib4mesa22глКоордТеsize = 151
    _D3lib4mesa22глКоордТексFfZv

D3lib4mesa22глКоордТеsize = 154
    _D3lib4mesa22глКоордТексFffZv

D3lib4mesa22глКоордТеsize = 157
    _D3lib4mesa22глКоордТексFfffZv

D3lib4mesa22глКоордТеsize = 160
    _D3lib4mesa22глКоордТексFffffZv

D3lib4mesa22глКоордТеsize = 151
    _D3lib4mesa22глКоордТексFiZv

D3lib4mesa22глКоордТеsize = 154
    _D3lib4mesa22глКоордТексFiiZv

D3lib4mesa22глКоордТеsize = 157
    _D3lib4mesa22глКоордТексFiiiZv

D3lib4mesa22глКоордТеsize = 160
    _D3lib4mesa22глКоордТексFiiiiZv

D3lib4mesa22глКоордТеsize = 151
    _D3lib4mesa22глКоордТексFsZv

D3lib4mesa22глКоордТеsize = 154
    _D3lib4mesa22глКоордТексFssZv

D3lib4mesa22глКоордТеsize = 157
    _D3lib4mesa22глКоордТексFsssZv

D3lib4mesa22глКоордТеsize = 160
    _D3lib4mesa22глКоордТексFssssZv

D3lib4mesa22глМаскаДаsize = 151
    _D3lib4mesa22глМаскаДалиFhZv

D3lib4mesa22глНовСписsize = 154
    _D3lib4mesa22глНовСписокFkkZv

D3lib4mesa22глОваСписsize = 151
    _D3lib4mesa22глОваСпискаFkZv

D3lib4mesa22глОпШаблоsize = 157
    _D3lib4mesa22глОпШаблонаFkkkZv

D3lib4mesa22глПеренесsize = 157
    _D3lib4mesa22глПеренесидFdddZv

D3lib4mesa22глПодсказsize = 154
    _D3lib4mesa22глПодсказкаFkkZv

D3lib4mesa22глПозРастsize = 154
    _D3lib4mesa22глПозРастраFffZv

D3lib4mesa22глПозРастsize = 157
    _D3lib4mesa22глПозРастраFfffZv

D3lib4mesa22глПозРастsize = 160
    _D3lib4mesa22глПозРастраFffffZv

D3lib4mesa22глПозРастsize = 154
    _D3lib4mesa22глПозРастраFiiZv

D3lib4mesa22глПозРастsize = 157
    _D3lib4mesa22глПозРастраFiiiZv

D3lib4mesa22глПозРастsize = 160
    _D3lib4mesa22глПозРастраFiiiiZv

D3lib4mesa22глПозРастsize = 154
    _D3lib4mesa22глПозРастраFssZv

D3lib4mesa22глПозРастsize = 157
    _D3lib4mesa22глПозРастраFsssZv

D3lib4mesa22глПозРастsize = 160
    _D3lib4mesa22глПозРастраFssssZv

D3lib4mesa22глРежимМаsize = 151
    _D3lib4mesa22глРежимМатрFkZv

D3lib4mesa22глСредаТеsize = 160
    _D3lib4mesa22глСредаТексFkkPfZv

D3lib4mesa22глСредаТеsize = 160
    _D3lib4mesa22глСредаТексFkkPiZv

D3lib4mesa22глСредаТеsize = 157
    _D3lib4mesa22глСредаТексFkkfZv

D3lib4mesa22глСредаТеsize = 157
    _D3lib4mesa22глСредаТексFkkiZv

D3lib4mesa22глСуньАтрsize = 151
    _D3lib4mesa22глСуньАтрибFkZv

D3lib4mesa22глФункцДаsize = 151
    _D3lib4mesa22глФункцДалиFkZv

D3lib4mesa22глуКонОбрsize = 208
    _D3lib4mesa22глуКонОбрезFPS3lib4mesa8GLUnurbsZv

D3lib4mesa22глуПолуДиsize = 235
    _D3lib4mesa22глуПолуДискFPS3lib4mesa10GLUquadricddiiddZv

D3lib4mesa22глуПроекцsize = 193
    _D3lib4mesa22глуПроекцияFdddPdPdPiPdPdPdZi

D3lib4mesa22глутДайМеsize = 148
    _D3lib4mesa22глутДайМенюFZi

D3lib4mesa22глутДайОкsize = 148
    _D3lib4mesa22глутДайОкноFZi

D3lib4mesa22глутДайСлsize = 151
    _D3lib4mesa22глутДайСлойFkZi

D3lib4mesa22глутДайЦвsize = 154
    _D3lib4mesa22глутДайЦветFiiZf

D3lib4mesa23глВключенsize = 154
    _D3lib4mesa23глВключен_лиFkZh

D3lib4mesa23глКоордТеsize = 157
    _D3lib4mesa23глКоордТекс1FPdZv

D3lib4mesa23глКоордТеsize = 157
    _D3lib4mesa23глКоордТекс1FPfZv

D3lib4mesa23глКоордТеsize = 157
    _D3lib4mesa23глКоордТекс1FPiZv

D3lib4mesa23глКоордТеsize = 157
    _D3lib4mesa23глКоордТекс1FPsZv

D3lib4mesa23глКоордТеsize = 157
    _D3lib4mesa23глКоордТекс2FPdZv

D3lib4mesa23глКоордТеsize = 157
    _D3lib4mesa23глКоордТекс2FPfZv

D3lib4mesa23глКоордТеsize = 157
    _D3lib4mesa23глКоордТекс2FPiZv

D3lib4mesa23глКоордТеsize = 157
    _D3lib4mesa23глКоордТекс2FPsZv

D3lib4mesa23глКоордТеsize = 157
    _D3lib4mesa23глКоордТекс3FPdZv

D3lib4mesa23глКоордТеsize = 157
    _D3lib4mesa23глКоордТекс3FPfZv

D3lib4mesa23глКоордТеsize = 157
    _D3lib4mesa23глКоордТекс3FPiZv

D3lib4mesa23глКоордТеsize = 157
    _D3lib4mesa23глКоордТекс3FPsZv

D3lib4mesa23глКоордТеsize = 157
    _D3lib4mesa23глКоордТекс4FPdZv

D3lib4mesa23глКоордТеsize = 157
    _D3lib4mesa23глКоордТекс4FPfZv

D3lib4mesa23глКоордТеsize = 157
    _D3lib4mesa23глКоордТекс4FPiZv

D3lib4mesa23глКоордТеsize = 157
    _D3lib4mesa23глКоордТекс4FPsZv

D3lib4mesa23глПозРастsize = 157
    _D3lib4mesa23глПозРастра2FPdZv

D3lib4mesa23глПозРастsize = 157
    _D3lib4mesa23глПозРастра2FPfZv

D3lib4mesa23глПозРастsize = 157
    _D3lib4mesa23глПозРастра2FPiZv

D3lib4mesa23глПозРастsize = 157
    _D3lib4mesa23глПозРастра2FPsZv

D3lib4mesa23глПозРастsize = 157
    _D3lib4mesa23глПозРастра3FPdZv

D3lib4mesa23глПозРастsize = 157
    _D3lib4mesa23глПозРастра3FPfZv

D3lib4mesa23глПозРастsize = 157
    _D3lib4mesa23глПозРастра3FPiZv

D3lib4mesa23глПозРастsize = 157
    _D3lib4mesa23глПозРастра3FPsZv

D3lib4mesa23глПозРастsize = 157
    _D3lib4mesa23глПозРастра4FPdZv

D3lib4mesa23глПозРастsize = 157
    _D3lib4mesa23глПозРастра4FPfZv

D3lib4mesa23глПозРастsize = 157
    _D3lib4mesa23глПозРастра4FPiZv

D3lib4mesa23глПозРастsize = 157
    _D3lib4mesa23глПозРастра4FPsZv

D3lib4mesa24глДайГенТsize = 166
    _D3lib4mesa24глДайГенТексFkkPdZv

D3lib4mesa24глДайГенТsize = 166
    _D3lib4mesa24глДайГенТексFkkPfZv

D3lib4mesa24глДайГенТsize = 166
    _D3lib4mesa24глДайГенТексFkkPiZv

D3lib4mesa24глЗагрузиsize = 157
    _D3lib4mesa24глЗагрузиИмяFkZv

D3lib4mesa24глЗумПиксsize = 160
    _D3lib4mesa24глЗумПикселяFffZv

D3lib4mesa24глКоордТеsize = 157
    _D3lib4mesa24глКоордТексдFdZv

D3lib4mesa24глКоордТеsize = 160
    _D3lib4mesa24глКоордТексдFddZv

D3lib4mesa24глКоордТеsize = 163
    _D3lib4mesa24глКоордТексдFdddZv

D3lib4mesa24глКоордТеsize = 166
    _D3lib4mesa24глКоордТексдFddddZv

D3lib4mesa24глМаскаЦвsize = 166
    _D3lib4mesa24глМаскаЦветаFhhhhZv

D3lib4mesa24глМодельТsize = 157
    _D3lib4mesa24глМодельТениFkZv

D3lib4mesa24глОчистиДsize = 157
    _D3lib4mesa24глОчистиДальFdZv

D3lib4mesa24глПозРастsize = 160
    _D3lib4mesa24глПозРастрадFddZv

D3lib4mesa24глПозРастsize = 163
    _D3lib4mesa24глПозРастрадFdddZv

D3lib4mesa24глПозРастsize = 166
    _D3lib4mesa24глПозРастрадFddddZv

D3lib4mesa24глУкНаИндsize = 166
    _D3lib4mesa24глУкНаИндексFkiPvZv

D3lib4mesa24глУмножьМsize = 160
    _D3lib4mesa24глУмножьМатрFPdZv

D3lib4mesa24глУмножьМsize = 160
    _D3lib4mesa24глУмножьМатрFPfZv

D3lib4mesa24глФункцАлsize = 160
    _D3lib4mesa24глФункцАльфыFkfZv

D3lib4mesa24глФункцСмsize = 160
    _D3lib4mesa24глФункцСмесиFkkZv

D3lib4mesa24глуНовыйТsize = 229
    _D3lib4mesa24глуНовыйТессFZPS3lib4mesa13GLUtesselator

D3lib4mesa24глуУдалиТsize = 232
    _D3lib4mesa24глуУдалиТессFPS3lib4mesa13GLUtesselatorZv

D3lib4mesa24глутВыньОsize = 154
    _D3lib4mesa24глутВыньОкноFZv

D3lib4mesa24глутСуньОsize = 154
    _D3lib4mesa24глутСуньОкноFZv

D3lib4mesa24глутУкНаВsize = 160
    _D3lib4mesa24глутУкНаВарпFiiZv

D3lib4mesa25глОбразТеsize = 187
    _D3lib4mesa25глОбразТекс2МFkiiiiikkPvZv

D3lib4mesa25глОцениКоsize = 163
    _D3lib4mesa25глОцениКоорд1FPdZv

D3lib4mesa25глОцениКоsize = 163
    _D3lib4mesa25глОцениКоорд1FPfZv

D3lib4mesa25глОцениКоsize = 160
    _D3lib4mesa25глОцениКоорд1FdZv

D3lib4mesa25глОцениКоsize = 160
    _D3lib4mesa25глОцениКоорд1FfZv

D3lib4mesa25глОцениКоsize = 163
    _D3lib4mesa25глОцениКоорд2FPdZv

D3lib4mesa25глОцениКоsize = 163
    _D3lib4mesa25глОцениКоорд2FPfZv

D3lib4mesa25глОцениКоsize = 163
    _D3lib4mesa25глОцениКоорд2FddZv

D3lib4mesa25глОцениКоsize = 163
    _D3lib4mesa25глОцениКоорд2FffZv

D3lib4mesa25глОцениТоsize = 160
    _D3lib4mesa25глОцениТочку1FiZv

D3lib4mesa25глОцениТоsize = 163
    _D3lib4mesa25глОцениТочку2FiiZv

D3lib4mesa25глСеткаКаsize = 166
    _D3lib4mesa25глСеткаКарты1FiddZv

D3lib4mesa25глСеткаКаsize = 166
    _D3lib4mesa25глСеткаКарты1FiffZv

D3lib4mesa25глСеткаКаsize = 175
    _D3lib4mesa25глСеткаКарты2FiddiddZv

D3lib4mesa25глСеткаКаsize = 175
    _D3lib4mesa25глСеткаКарты2FiffiffZv

D3lib4mesa25глТекстурsize = 160
    _D3lib4mesa25глТекстура_лиFkZh

D3lib4mesa26глВыбериБsize = 169
    _D3lib4mesa26глВыбериБуферFiPkZv

D3lib4mesa26глГенТексsize = 169
    _D3lib4mesa26глГенТекстурыFiPkZv

D3lib4mesa26глДайМатеsize = 172
    _D3lib4mesa26глДайМатериалFkkPfZv

D3lib4mesa26глДайМатеsize = 172
    _D3lib4mesa26глДайМатериалFkkPiZv

D3lib4mesa26глЗагрузиsize = 166
    _D3lib4mesa26глЗагрузиМатрFPdZv

D3lib4mesa26глЗагрузиsize = 166
    _D3lib4mesa26глЗагрузиМатрFPfZv

D3lib4mesa26глКонецСпsize = 160
    _D3lib4mesa26глКонецСпискаFZv

D3lib4mesa26глМасштабsize = 169
    _D3lib4mesa26глМасштабируйFfffZv

D3lib4mesa26глМодельСsize = 169
    _D3lib4mesa26глМодельСветаFkPfZv

D3lib4mesa26глМодельСsize = 169
    _D3lib4mesa26глМодельСветаFkPiZv

D3lib4mesa26глМодельСsize = 166
    _D3lib4mesa26глМодельСветаFkfZv

D3lib4mesa26глМодельСsize = 166
    _D3lib4mesa26глМодельСветаFkiZv

D3lib4mesa26глОчистиАsize = 172
    _D3lib4mesa26глОчистиАккумFffffZv

D3lib4mesa26глРазмерТsize = 163
    _D3lib4mesa26глРазмерТочкиFfZv

D3lib4mesa26глУдалиСпsize = 166
    _D3lib4mesa26глУдалиСпискиFkiZv

D3lib4mesa26глУкНаВерsize = 175
    _D3lib4mesa26глУкНаВершинуFikiPvZv

D3lib4mesa26глУкНаНорsize = 172
    _D3lib4mesa26глУкНаНормальFkiPvZv

D3lib4mesa26глЦветОчиsize = 172
    _D3lib4mesa26глЦветОчисткиFffffZv

D3lib4mesa26глШиринаЛsize = 163
    _D3lib4mesa26глШиринаЛинииFfZv

D3lib4mesa26глуКонМноsize = 238
    _D3lib4mesa26глуКонМногоугFPS3lib4mesa13GLUtesselatorZv

D3lib4mesa26глуКонПовsize = 220
    _D3lib4mesa26глуКонПоверхнFPS3lib4mesa8GLUnurbsZv

D3lib4mesa26глуКриваяsize = 244
    _D3lib4mesa26глуКриваяНурбFPS3lib4mesa8GLUnurbsiPfiPfikZv

D3lib4mesa26глуНачниОsize = 220
    _D3lib4mesa26глуНачниОбрезFPS3lib4mesa8GLUnurbsZv

D3lib4mesa26глуУдалиКsize = 229
    _D3lib4mesa26глуУдалиКвадрFPS3lib4mesa10GLUquadricZv

D3lib4mesa26глутПерепsize = 160
    _D3lib4mesa26глутПерепоказFZv

D3lib4mesa26глутФункцsize = 184
    _D3lib4mesa26глутФункцМышиFPUiiiiZvZv

D3lib4mesa27глОбразТеsize = 190
    _D3lib4mesa27глОбразТекст1МFkiiiikkPvZv

D3lib4mesa28глБуферФиsize = 178
    _D3lib4mesa28глБуферФидбэкаFikPfZv

D3lib4mesa28глВызовиСsize = 178
    _D3lib4mesa28глВызовиСпискиFikPvZv

D3lib4mesa28глВызовиСsize = 169
    _D3lib4mesa28глВызовиСписокFkZv

D3lib4mesa28глДайОбраsize = 184
    _D3lib4mesa28глДайОбразТексFkikkPvZv

D3lib4mesa28глДайСредsize = 178
    _D3lib4mesa28глДайСредуТексFkkPfZv

D3lib4mesa28глДайСредsize = 178
    _D3lib4mesa28глДайСредуТексFkkPiZv

D3lib4mesa28глДиапазоsize = 172
    _D3lib4mesa28глДиапазонДалиFddZv

D3lib4mesa28глЗагрузиsize = 166
    _D3lib4mesa28глЗагрузиИдентFZv

D3lib4mesa28глЛогичесsize = 169
    _D3lib4mesa28глЛогическаяОпFkZv

D3lib4mesa28глМаскаИнsize = 169
    _D3lib4mesa28глМаскаИндексаFkZv

D3lib4mesa28глМаскаШаsize = 169
    _D3lib4mesa28глМаскаШаблонаFkZv

D3lib4mesa28глМасштабsize = 175
    _D3lib4mesa28глМасштабируйдFdddZv

D3lib4mesa28глОчистиИsize = 169
    _D3lib4mesa28глОчистиИндексFfZv

D3lib4mesa28глОчистиШsize = 169
    _D3lib4mesa28глОчистиШаблонFiZv

D3lib4mesa28глПараметsize = 178
    _D3lib4mesa28глПараметрТексFkkPfZv

D3lib4mesa28глПараметsize = 178
    _D3lib4mesa28глПараметрТексFkkPiZv

D3lib4mesa28глПараметsize = 175
    _D3lib4mesa28глПараметрТексFkkfZv

D3lib4mesa28глПараметsize = 175
    _D3lib4mesa28глПараметрТексFkkiZv

D3lib4mesa28глПолоскаsize = 172
    _D3lib4mesa28глПолоскаЛинийFitZv

D3lib4mesa28глРежимМнsize = 172
    _D3lib4mesa28глРежимМногоугFkkZv

D3lib4mesa28глРисуйМаsize = 175
    _D3lib4mesa28глРисуйМассивыFkiiZv

D3lib4mesa28глРисуйПиsize = 184
    _D3lib4mesa28глРисуйПикселиFiikkPvZv

D3lib4mesa28глУкНаФлаsize = 175
    _D3lib4mesa28глУкНаФлагКраяFiPvZv

D3lib4mesa28глФункцШаsize = 175
    _D3lib4mesa28глФункцШаблонаFkikZv

D3lib4mesa28глЧитайПиsize = 190
    _D3lib4mesa28глЧитайПикселиFiiiikkPvZv

D3lib4mesa28глуНачниКsize = 226
    _D3lib4mesa28глуНачниКривуюFPS3lib4mesa8GLUnurbsZv

D3lib4mesa28глуПерспеsize = 178
    _D3lib4mesa28глуПерспективаFddddZv

D3lib4mesa28глуСледщКsize = 247
    _D3lib4mesa28глуСледщКонтурFPS3lib4mesa13GLUtesselatorkZv

D3lib4mesa28глуТессВеsize = 256
    _D3lib4mesa28глуТессВершинаFPS3lib4mesa13GLUtesselatorPdPvZv

D3lib4mesa28глуТессНоsize = 253
    _D3lib4mesa28глуТессНормальFPS3lib4mesa13GLUtesselatordddZv

D3lib4mesa28глутПлотнsize = 169
    _D3lib4mesa28глутПлотныйКубFdZv

D3lib4mesa28глутПлотнsize = 178
    _D3lib4mesa28глутПлотныйТорFddiiZv

D3lib4mesa28глутПокажsize = 166
    _D3lib4mesa28глутПокажиОкноFZv

D3lib4mesa28глутСвернsize = 166
    _D3lib4mesa28глутСверниОкноFZv

D3lib4mesa28глутСоздаsize = 181
    _D3lib4mesa28глутСоздайМенюFPUiZvZi

D3lib4mesa28глутСоздаsize = 172
    _D3lib4mesa28глутСоздайОкноFPaZi

D3lib4mesa28глутСпрячsize = 166
    _D3lib4mesa28глутСпрячьОкноFZv

D3lib4mesa30глМатериаsize = 178
    _D3lib4mesa30глМатериалЦветаFkkZv

D3lib4mesa30глРисуйЭлsize = 187
    _D3lib4mesa30глРисуйЭлементыFkikPvZv

D3lib4mesa30глУдалиТеsize = 181
    _D3lib4mesa30глУдалиТекстурыFiPkZv

D3lib4mesa30глУкНаКооsize = 187
    _D3lib4mesa30глУкНаКоордТексFikiPvZv

D3lib4mesa30глуКвадрНsize = 244
    _D3lib4mesa30глуКвадрНормалиFPS3lib4mesa10GLUquadrickZv

D3lib4mesa30глуНачниМsize = 250
    _D3lib4mesa30глуНачниМногоугFPS3lib4mesa13GLUtesselatorZv

D3lib4mesa30глуНовыйКsize = 238
    _D3lib4mesa30глуНовыйКвадрикFZPS3lib4mesa10GLUquadric

D3lib4mesa30глуОбрвызsize = 265
    _D3lib4mesa30глуОбрвызовТессFPS3lib4mesa13GLUtesselatorkPUZvZv

D3lib4mesa30глуСвойстsize = 238
    _D3lib4mesa30глуСвойствоНурбFPS3lib4mesa8GLUnurbskfZv

D3lib4mesa30глуТессСвsize = 256
    _D3lib4mesa30глуТессСвойствоFPS3lib4mesa13GLUtesselatorkdZv

D3lib4mesa30глутГлавнsize = 172
    _D3lib4mesa30глутГлавныйЦиклFZv

D3lib4mesa30глутДлинаsize = 184
    _D3lib4mesa30глутДлинаБитмапFPvPaZi

D3lib4mesa30глутДлинаsize = 184
    _D3lib4mesa30глутДлинаШтрихаFPvPaZi

D3lib4mesa30глутИницПsize = 178
    _D3lib4mesa30глутИницПозОкнаFiiZv

D3lib4mesa30глутОткреsize = 175
    _D3lib4mesa30глутОткрепиМенюFiZv

D3lib4mesa30глутПолныsize = 172
    _D3lib4mesa30глутПолныйЭкранFZv

D3lib4mesa30глутПомесsize = 178
    _D3lib4mesa30глутПоместиОкноFiiZv

D3lib4mesa30глутРазруsize = 175
    _D3lib4mesa30глутРазрушьМенюFiZv

D3lib4mesa30глутРазруsize = 175
    _D3lib4mesa30глутРазрушьОкноFiZv

D3lib4mesa30глутФункцsize = 184
    _D3lib4mesa30глутФункцПоказаFPUZvZv

D3lib4mesa31глПодобраsize = 205
    _D3lib4mesa31глПодобразТекс2МFkiiiiikkPvZv

D3lib4mesa32глКопируйsize = 193
    _D3lib4mesa32глКопируйПикселиFiiiikZv

D3lib4mesa32глПолоскаsize = 184
    _D3lib4mesa32глПолоскаМногоугFPhZv

D3lib4mesa32глСохраниsize = 184
    _D3lib4mesa32глСохраниПиксельFkfZv

D3lib4mesa32глСохраниsize = 184
    _D3lib4mesa32глСохраниПиксельFkiZv

D3lib4mesa32глЭлементsize = 181
    _D3lib4mesa32глЭлементМассиваFiZv

D3lib4mesa32глуКвадрТsize = 250
    _D3lib4mesa32глуКвадрТекстураFPS3lib4mesa10GLUquadricbZv

D3lib4mesa32глуОбрвызsize = 253
    _D3lib4mesa32глуОбрвызовНурбсFPS3lib4mesa8GLUnurbskPUZvZv

D3lib4mesa32глутДайРеsize = 181
    _D3lib4mesa32глутДайРежимИгрыFkZi

D3lib4mesa32глутКаркаsize = 181
    _D3lib4mesa32глутКаркасныйКубFdZv

D3lib4mesa32глутКаркаsize = 190
    _D3lib4mesa32глутКаркасныйТорFddiiZv

D3lib4mesa32глутОбменsize = 178
    _D3lib4mesa32глутОбменБуферовFZv

D3lib4mesa32глутПанирsize = 190
    _D3lib4mesa32глутПанируйВидеоFiiiiZv

D3lib4mesa32глутПлотнsize = 187
    _D3lib4mesa32глутПлотнаяСфераFdiiZv

D3lib4mesa32глутПлотнsize = 190
    _D3lib4mesa32глутПлотныйКонусFddiiZv

D3lib4mesa32глутПрикрsize = 181
    _D3lib4mesa32глутПрикрепиМенюFiZv

D3lib4mesa32глутСимвоsize = 187
    _D3lib4mesa32глутСимволБитмапFPviZv

D3lib4mesa32глутСимвоsize = 187
    _D3lib4mesa32глутСимволШтрихаFPviZv

D3lib4mesa32глутУстанsize = 181
    _D3lib4mesa32глутУстановиМенюFiZv

D3lib4mesa32глутУстанsize = 181
    _D3lib4mesa32глутУстановиОкноFiZv

D3lib4mesa32глутУстанsize = 190
    _D3lib4mesa32глутУстановиЦветFifffZv

D3lib4mesa32глутФункцsize = 199
    _D3lib4mesa32глутФункцТаймераFiPUiZviZv

D3lib4mesa32глутФункцsize = 193
    _D3lib4mesa32глутФункцияВводаFPUiZvZv

D3lib4mesa32глутШиринsize = 187
    _D3lib4mesa32глутШиринаБитмапFPviZi

D3lib4mesa32глутШиринsize = 187
    _D3lib4mesa32глутШиринаШтрихаFPviZi

D3lib4mesa33глПодобраsize = 205
    _D3lib4mesa33глПодобразТекст1МFkiiikkPvZv

D3lib4mesa34глДайКартsize = 193
    _D3lib4mesa34глДайКартуПикселяFkPfZv

D3lib4mesa34глДайКартsize = 193
    _D3lib4mesa34глДайКартуПикселяFkPkZv

D3lib4mesa34глДайКартsize = 193
    _D3lib4mesa34глДайКартуПикселяFkPtZv

D3lib4mesa34глДайПараsize = 196
    _D3lib4mesa34глДайПараметрТексFkkPfZv

D3lib4mesa34глДайПараsize = 196
    _D3lib4mesa34глДайПараметрТексFkkPiZv

D3lib4mesa34глКартируsize = 196
    _D3lib4mesa34глКартируйПиксельFkiPfZv

D3lib4mesa34глКартируsize = 196
    _D3lib4mesa34глКартируйПиксельFkiPkZv

D3lib4mesa34глКартируsize = 196
    _D3lib4mesa34глКартируйПиксельFkiPtZv

D3lib4mesa34глПривяжиsize = 190
    _D3lib4mesa34глПривяжиТекстуруFkkZv

D3lib4mesa34глСмещениsize = 190
    _D3lib4mesa34глСмещениеМногоугFffZv

D3lib4mesa34глуОбрвызsize = 268
    _D3lib4mesa34глуОбрвызовКвадраFPS3lib4mesa10GLUquadrickPUZvZv

D3lib4mesa34глуПодберsize = 202
    _D3lib4mesa34глуПодбериМатрицуFddddPiZv

D3lib4mesa34глутДайУсsize = 187
    _D3lib4mesa34глутДайУстройствоFkZi

D3lib4mesa34глутДобавsize = 193
    _D3lib4mesa34глутДобавьПодменюFPaiZv

D3lib4mesa34глутИницТsize = 190
    _D3lib4mesa34глутИницТекстОкнаFPaZv

D3lib4mesa34глутИсполsize = 187
    _D3lib4mesa34глутИспользуйСлойFkZv

D3lib4mesa34глутОсобаsize = 205
    _D3lib4mesa34глутОсобаяФункцияFPUiiiZvZv

D3lib4mesa34глутПеремsize = 196
    _D3lib4mesa34глутПеремерьВидеоFiiiiZv

D3lib4mesa34глутПерепsize = 187
    _D3lib4mesa34глутПерепоказОкнаFiZv

D3lib4mesa34глутПерерsize = 190
    _D3lib4mesa34глутПерерисуйОкноFiiZv

D3lib4mesa34глутПлотнsize = 187
    _D3lib4mesa34глутПлотныйЧайникFdZv

D3lib4mesa34глутСкройsize = 184
    _D3lib4mesa34глутСкройНакладкуFZv

D3lib4mesa34глутСоздаsize = 199
    _D3lib4mesa34глутСоздайПодокноFiiiiiZi

D3lib4mesa34глутУдалиsize = 184
    _D3lib4mesa34глутУдалиНакладкуFZv

D3lib4mesa34глутФункцsize = 202
    _D3lib4mesa34глутФункцДвиженияFPUiiZvZv

D3lib4mesa36глВыньАтрsize = 190
    _D3lib4mesa36глВыньАтрибКлиентаFZv

D3lib4mesa36глПеремесsize = 196
    _D3lib4mesa36глПереместиПиксельFkfZv

D3lib4mesa36глПеремесsize = 196
    _D3lib4mesa36глПереместиПиксельFkiZv

D3lib4mesa36глРежимОтsize = 193
    _D3lib4mesa36глРежимОтображенияFkZi

D3lib4mesa36глСуньАтрsize = 193
    _D3lib4mesa36глСуньАтрибКлиентаFkZv

D3lib4mesa36глуДайСвоsize = 259
    _D3lib4mesa36глуДайСвойствоНурбFPS3lib4mesa8GLUnurbskPfZv

D3lib4mesa36глуДайСвоsize = 277
    _D3lib4mesa36глуДайСвойствоТессFPS3lib4mesa13GLUtesselatorkPdZv

D3lib4mesa36глуКвадрОsize = 262
    _D3lib4mesa36глуКвадрОриентацияFPS3lib4mesa10GLUquadrickZv

D3lib4mesa36глуПоверхsize = 289
    _D3lib4mesa36глуПоверхностьНурбFPS3lib4mesa8GLUnurbsiPfiPfiiPfiikZv

D3lib4mesa36глуТессНаsize = 268
    _D3lib4mesa36глуТессНачниКонтурFPS3lib4mesa13GLUtesselatorZv

D3lib4mesa36глутИницРsize = 196
    _D3lib4mesa36глутИницРазмерОкнаFiiZv

D3lib4mesa36глутКаркаsize = 199
    _D3lib4mesa36глутКаркаснаяСфераFdiiZv

D3lib4mesa36глутКаркаsize = 202
    _D3lib4mesa36глутКаркасныйКонусFddiiZv

D3lib4mesa36глутОтчётsize = 190
    _D3lib4mesa36глутОтчётОбОшибкахFZv

D3lib4mesa36глутПлотнsize = 190
    _D3lib4mesa36глутПлотныйОктаэдрFZv

D3lib4mesa36глутПокажsize = 190
    _D3lib4mesa36глутПокажиНакладкуFZv

D3lib4mesa36глутУстанsize = 193
    _D3lib4mesa36глутУстановиКурсорFiZv

D3lib4mesa36глутФункцsize = 208
    _D3lib4mesa36глутФункцАбонентовFPUiiZvZv

D3lib4mesa36глутФункцsize = 205
    _D3lib4mesa36глутФункцВидимостиFPUiZvZv

D3lib4mesa36глутФункцsize = 217
    _D3lib4mesa36глутФункцДжойстикаFPUkiiiZviZv

D3lib4mesa37глуПостроsize = 214
    _D3lib4mesa37глуПострой1ММипмапыFkiikkPvZi

D3lib4mesa37глуПостроsize = 217
    _D3lib4mesa37глуПострой2ММипмапыFiiiikkPvZi

D3lib4mesa37глуПостроsize = 220
    _D3lib4mesa37глуПострой3ММипмапыFkiiiikkPvZi

D3lib4mesa38глДайПолоsize = 202
    _D3lib4mesa38глДайПолоскуМногоугFPhZv

D3lib4mesa38глОПлоскоsize = 205
    _D3lib4mesa38глОПлоскостьОбрезкиFkPdZv

D3lib4mesa38глСовместsize = 208
    _D3lib4mesa38глСовместныеМассивыFkiPvZv

D3lib4mesa38глуНачниПsize = 256
    _D3lib4mesa38глуНачниПоверхностьFPS3lib4mesa8GLUnurbsZv

D3lib4mesa38глутВойдиsize = 196
    _D3lib4mesa38глутВойдиВРежимИгрыFZi

D3lib4mesa38глутДайМоsize = 196
    _D3lib4mesa38глутДайМодификаторыFZi

D3lib4mesa38глутДайПеsize = 199
    _D3lib4mesa38глутДайПеремерВидеоFkZi

D3lib4mesa38глутИницРsize = 199
    _D3lib4mesa38глутИницРежимПоказаFkZv

D3lib4mesa38глутКаркаsize = 199
    _D3lib4mesa38глутКаркасныйЧайникFdZv

D3lib4mesa38глутПерейsize = 208
    _D3lib4mesa38глутПерейдиВПодменюFiPaiZv

D3lib4mesa38глутПлотнsize = 196
    _D3lib4mesa38глутПлотныйИкосаэдрFZv

D3lib4mesa38глутПлотнsize = 196
    _D3lib4mesa38глутПлотныйТетраэдрFZv

D3lib4mesa38глутПокинsize = 196
    _D3lib4mesa38глутПокиньРежимИгрыFZv

D3lib4mesa38глутТекстsize = 202
    _D3lib4mesa38глутТекстРежимаИгрыFPaZv

D3lib4mesa38глутУстанsize = 202
    _D3lib4mesa38глутУстановиЗагОкнаFPaZv

D3lib4mesa38глутУстанsize = 202
    _D3lib4mesa38глутУстановиЗагПиктFPaZv

D3lib4mesa38глутФункцsize = 217
    _D3lib4mesa38глутФункцКлавиатурыFPUaiiZvZv

D3lib4mesa38глутФункцsize = 214
    _D3lib4mesa38глутФункцОкнаКнопкиFPUiiZvZv

D3lib4mesa39глКопируйsize = 220
    _D3lib4mesa39глКопируйОбразТекс1МFkikiiiiZv

D3lib4mesa40глПриоритsize = 217
    _D3lib4mesa40глПриоритетТекстурамFiPkPfZv

D3lib4mesa40глуПроверsize = 214
    _D3lib4mesa40глуПроверьРасширениеFPaPaZh

D3lib4mesa40глуТессЗаsize = 280
    _D3lib4mesa40глуТессЗавершиКонтурFPS3lib4mesa13GLUtesselatorZv

D3lib4mesa40глутДобавsize = 211
    _D3lib4mesa40глутДобавьЗаписьМенюFPaiZv

D3lib4mesa40глутКаркаsize = 202
    _D3lib4mesa40глутКаркасныйОктаэдрFZv

D3lib4mesa40глутПлотнsize = 202
    _D3lib4mesa40глутПлотныйДодекаэдрFZv

D3lib4mesa40глутУдалиsize = 205
    _D3lib4mesa40глутУдалиЭлементМенюFiZv

D3lib4mesa40глутУстанsize = 202
    _D3lib4mesa40глутУстановиНакладкуFZv

D3lib4mesa40глутФункцsize = 214
    _D3lib4mesa40глутФункцБездействияFPUZvZv

D3lib4mesa40глутФункцsize = 220
    _D3lib4mesa40глутФункцПерерисовкиFPUiiZvZv

D3lib4mesa40глутФункцsize = 223
    _D3lib4mesa40глутФункцСтатусаМенюFPUiiiZvZv

D3lib4mesa40глутФункцsize = 217
    _D3lib4mesa40глутФункцСтатусаОкнаFPUiZvZv

D3lib4mesa41глКопируйsize = 229
    _D3lib4mesa41глКопируйОбразТекст2МFkikiiiiiZv

D3lib4mesa42глДайПлосsize = 217
    _D3lib4mesa42глДайПлоскостьОбрезкиFkPdZv

D3lib4mesa42глуТессНаsize = 292
    _D3lib4mesa42глуТессНачниМногогранFPS3lib4mesa13GLUtesselatorPvZv

D3lib4mesa42глутКаркаsize = 208
    _D3lib4mesa42глутКаркасныйИкосаэдрFZv

D3lib4mesa42глутКаркаsize = 208
    _D3lib4mesa42глутКаркасныйТетраэдрFZv

D3lib4mesa42глутКопирsize = 211
    _D3lib4mesa42глутКопируйЦветокартуFiZv

D3lib4mesa42глутПерепsize = 208
    _D3lib4mesa42глутПерепоказНакладкиFZv

D3lib4mesa42глутФункцsize = 232
    _D3lib4mesa42глутФункцКнопкиТаблетFPUiiiiZvZv

D3lib4mesa44глуДанныеsize = 280
    _D3lib4mesa44глуДанныеОбрвызоваНурбFPS3lib4mesa8GLUnurbsPvZv

D3lib4mesa44глуКвадрСsize = 286
    _D3lib4mesa44глуКвадрСтильРисованияFPS3lib4mesa10GLUquadrickZv

D3lib4mesa44глутКаркаsize = 214
    _D3lib4mesa44глутКаркасныйДодекаэдрFZv

D3lib4mesa44глутОсобаsize = 235
    _D3lib4mesa44глутОсобаяФункцОтжатияFPUiiiZvZv

D3lib4mesa44глутПерейsize = 226
    _D3lib4mesa44глутПерейдиВЗаписьМенюFiPaiZv

D3lib4mesa44глутФункцsize = 229
    _D3lib4mesa44глутФункцСостоянияМенюFPUiZvZv

D3lib4mesa45глКопируйsize = 235
    _D3lib4mesa45глКопируйПодобразТекс1МFkiiiiiZv

D3lib4mesa45глКопируйsize = 241
    _D3lib4mesa45глКопируйПодобразТекс2МFkiiiiiiiZv

D3lib4mesa45глРезиденsize = 232
    _D3lib4mesa45глРезидентныТекстуры_лиFiPkPhZh

D3lib4mesa46глДайПараsize = 235
    _D3lib4mesa46глДайПараметрУровняТексFkikPfZv

D3lib4mesa46глДайПараsize = 235
    _D3lib4mesa46глДайПараметрУровняТексFkikPiZv

D3lib4mesa46глуТессЗаsize = 298
    _D3lib4mesa46глуТессЗавершиМногогранFPS3lib4mesa13GLUtesselatorZv

D3lib4mesa46глутФункцsize = 238
    _D3lib4mesa46глутФункцДвиженияТаблетFPUiiZvZv

D3lib4mesa46глутФункцsize = 241
    _D3lib4mesa46глутФункцОтжатияКлавишиFPUaiiZvZv

D3lib4mesa46глутФункцsize = 232
    _D3lib4mesa46глутФункцПоказаНакладкиFPUZvZv

D3lib4mesa47глуПостроsize = 253
    _D3lib4mesa47глуПострой1МУровниМипмапFkiikkiiiPvZi

D3lib4mesa47глуПостроsize = 259
    _D3lib4mesa47глуПострой3МУровниМипмапFkiiiikkiiiPvZi

D3lib4mesa48глВключиСsize = 229
    _D3lib4mesa48глВключиСостояниеКлиентаFkZv

D3lib4mesa48глуНовыйОsize = 283
    _D3lib4mesa48глуНовыйОтобразительНурбFZPS3lib4mesa8GLUnurbs

D3lib4mesa48глуУдалиОsize = 286
    _D3lib4mesa48глуУдалиОтобразительНурбFPS3lib4mesa8GLUnurbsZv

D3lib4mesa48глутОстанsize = 226
    _D3lib4mesa48глутОстановиПеремерВидеоFZv

D3lib4mesa48глутУстанsize = 226
    _D3lib4mesa48глутУстановиПеремерВидеоFZv

D3lib4mesa49глуПостроsize = 262
    _D3lib4mesa49глуПострой2МУровениМипмапFiiiikkiiiPvZi

D3lib4mesa50глОтключиsize = 235
    _D3lib4mesa50глОтключиСостояниеКлиентаFkZv

D3lib4mesa50глуДанныеsize = 298
    _D3lib4mesa50глуДанныеОбрвызоваНурбДОПFPS3lib4mesa8GLUnurbsPvZv

D3lib4mesa50глутПерепsize = 235
    _D3lib4mesa50глутПерепоказНакладкиОкнаFiZv

D3lib4mesa50глутУстанsize = 235
    _D3lib4mesa50глутУстановиПовторКлавишиFiZv

D3lib4mesa52глуЗагрузsize = 316
    _D3lib4mesa52глуЗагрузиМатрицыСемплингаFPS3lib4mesa8GLUnurbsPfPfPiZv

D3lib4mesa52глутИгнорsize = 241
    _D3lib4mesa52глутИгнорируйПовторКлавишиFiZv

D3lib4mesa52глутФорсиsize = 238
    _D3lib4mesa52глутФорсируйФункцДжойстикаFZv

D3lib4mesa56глутПоддеsize = 256
    _D3lib4mesa56глутПоддерживаемыеРасширенияFPaZi

D3lib4mesa56глутФункцsize = 268
    _D3lib4mesa56глутФункцКнопкаНебесногоТелаFPUiiZvZv

D3lib4mesa58глутФункцsize = 274
    _D3lib4mesa58глутФункцияПассивногоДвиженияFPUiiZvZv

D3lib4mesa60глутФункцsize = 283
    _D3lib4mesa60глутФункцВращенияНебесногоТелаFPUiiiZvZv

D3lib4mesa60глутФункцsize = 283
    _D3lib4mesa60глутФункцДвиженияНебесногоТелаFPUiiiZvZv

